WorldScaleAR/build/outputs/logs/manifest-merger-debug-report.txt
-- Merging decision tree log ---
manifest
ADDED from src\main\AndroidManifest.xml:2:1-62:12
	package
		ADDED from src\main\AndroidManifest.xml:2:117-151
		INJECTED from src\main\AndroidManifest.xml
		INJECTED from src\main\AndroidManifest.xml
	android:versionName
		INJECTED from src\main\AndroidManifest.xml
		INJECTED from src\main\AndroidManifest.xml
	xmlns:tools
		ADDED from src\main\AndroidManifest.xml:2:70-116
	xmlns:android
		ADDED from src\main\AndroidManifest.xml:2:11-69
	android:versionCode
		INJECTED from src\main\AndroidManifest.xml
		INJECTED from src\main\AndroidManifest.xml
	android:installLocation
		ADDED from src\main\AndroidManifest.xml:2:152-192
uses-permission#android.permission.BLUETOOTH
ADDED from src\main\AndroidManifest.xml:4:3-66
MERGED from [com.dji:dji-sdk:4.5.1] AndroidManifest.xml:11:5-68
	android:name
		ADDED from src\main\AndroidManifest.xml:4:20-63
uses-permission#android.permission.BLUETOOTH_ADMIN
ADDED from src\main\AndroidManifest.xml:5:3-72
MERGED from [com.dji:dji-sdk:4.5.1] AndroidManifest.xml:12:5-74
	android:name
		ADDED from src\main\AndroidManifest.xml:5:20-69
uses-permission#android.permission.VIBRATE
ADDED from src\main\AndroidManifest.xml:6:3-64
MERGED from [com.dji:dji-sdk:4.5.1] AndroidManifest.xml:35:5-66
	android:name
		ADDED from src\main\AndroidManifest.xml:6:20-61
uses-permission#android.permission.INTERNET
ADDED from src\main\AndroidManifest.xml:7:3-65
MERGED from [:mapbox-android-telemetry-2-1-0:] AndroidManifest.xml:16:5-67
MERGED from [com.google.android.gms:play-services-maps:9.4.0] AndroidManifest.xml:21:5-66
	android:name
		ADDED from src\main\AndroidManifest.xml:7:20-62
uses-permission#android.permission.ACCESS_WIFI_STATE
ADDED from src\main\AndroidManifest.xml:8:3-74
MERGED from [com.dji:dji-sdk:4.5.1] AndroidManifest.xml:21:5-76
	android:name
		ADDED from src\main\AndroidManifest.xml:8:20-71
uses-permission#android.permission.WAKE_LOCK
ADDED from src\main\AndroidManifest.xml:9:3-66
MERGED from [com.dji:dji-sdk:4.5.1] AndroidManifest.xml:20:5-68
	android:name
		ADDED from src\main\AndroidManifest.xml:9:20-63
uses-permission#android.permission.ACCESS_COARSE_LOCATION
ADDED from src\main\AndroidManifest.xml:10:3-79
MERGED from [:com.mapbox.android.unity-debug:] AndroidManifest.xml:12:5-81
MERGED from [:mapbox-android-telemetry-2-1-0:] AndroidManifest.xml:18:5-80
MERGED from [com.dji:dji-sdk:4.5.1] AndroidManifest.xml:17:5-81
	android:name
		ADDED from src\main\AndroidManifest.xml:10:20-76
uses-permission#android.permission.ACCESS_NETWORK_STATE
ADDED from src\main\AndroidManifest.xml:11:3-77
MERGED from [:mapbox-android-telemetry-2-1-0:] AndroidManifest.xml:19:5-78
MERGED from [com.dji:dji-sdk:4.5.1] AndroidManifest.xml:13:5-79
MERGED from [com.google.android.gms:play-services-maps:9.4.0] AndroidManifest.xml:20:5-78
	android:name
		ADDED from src\main\AndroidManifest.xml:11:20-74
uses-permission#android.permission.ACCESS_FINE_LOCATION
ADDED from src\main\AndroidManifest.xml:12:3-77
MERGED from [:com.mapbox.android.unity-debug:] AndroidManifest.xml:11:5-79
MERGED from [:mapbox-android-telemetry-2-1-0:] AndroidManifest.xml:17:5-79
MERGED from [com.dji:dji-sdk:4.5.1] AndroidManifest.xml:18:5-79
	android:name
		ADDED from src\main\AndroidManifest.xml:12:20-74
uses-permission#android.permission.CHANGE_WIFI_STATE
ADDED from src\main\AndroidManifest.xml:13:3-74
MERGED from [com.dji:dji-sdk:4.5.1] AndroidManifest.xml:39:5-76
	android:name
		ADDED from src\main\AndroidManifest.xml:13:20-71
uses-permission#android.permission.MOUNT_UNMOUNT_FILESYSTEMS
ADDED from src\main\AndroidManifest.xml:14:3-82
MERGED from [com.dji:dji-sdk:4.5.1] AndroidManifest.xml:26:5-84
	android:name
		ADDED from src\main\AndroidManifest.xml:14:20-79
uses-permission#android.permission.WRITE_EXTERNAL_STORAGE
ADDED from src\main\AndroidManifest.xml:15:3-79
MERGED from [com.dji:dji-sdk:4.5.1] AndroidManifest.xml:15:5-81
	android:name
		ADDED from src\main\AndroidManifest.xml:15:20-76
uses-permission#android.permission.READ_EXTERNAL_STORAGE
ADDED from src\main\AndroidManifest.xml:16:3-78
	android:name
		ADDED from src\main\AndroidManifest.xml:16:20-75
uses-permission#android.permission.SYSTEM_ALERT_WINDOW
ADDED from src\main\AndroidManifest.xml:17:3-76
MERGED from [com.dji:dji-sdk:4.5.1] AndroidManifest.xml:23:5-78
	android:name
		ADDED from src\main\AndroidManifest.xml:17:20-73
uses-permission#android.permission.READ_PHONE_STATE
ADDED from src\main\AndroidManifest.xml:18:3-73
MERGED from [com.dji:dji-sdk:4.5.1] AndroidManifest.xml:40:5-75
	android:name
		ADDED from src\main\AndroidManifest.xml:18:20-70
uses-feature#android.hardware.camera
ADDED from src\main\AndroidManifest.xml:19:3-58
	android:name
		ADDED from src\main\AndroidManifest.xml:19:17-55
uses-feature#android.hardware.camera.autofocus
ADDED from src\main\AndroidManifest.xml:20:3-68
	android:name
		ADDED from src\main\AndroidManifest.xml:20:17-65
uses-feature#android.hardware.usb.host
ADDED from src\main\AndroidManifest.xml:21:3-85
MERGED from [com.dji:dji-sdk:4.5.1] AndroidManifest.xml:53:5-55:36
	android:required
		ADDED from src\main\AndroidManifest.xml:21:58-82
	android:name
		ADDED from src\main\AndroidManifest.xml:21:17-57
uses-feature#android.hardware.usb.accessory
ADDED from src\main\AndroidManifest.xml:22:3-89
MERGED from [com.dji:dji-sdk:4.5.1] AndroidManifest.xml:56:5-58:35
	android:required
		ADDED from src\main\AndroidManifest.xml:22:63-86
	android:name
		ADDED from src\main\AndroidManifest.xml:22:17-62
application
ADDED from src\main\AndroidManifest.xml:24:3-54:17
MERGED from [:animated-vector-drawable-25.1.0:] AndroidManifest.xml:22:5-20
MERGED from [:appcompat-v7-25.1.0:] AndroidManifest.xml:25:5-20
MERGED from [:arcore_client:] AndroidManifest.xml:30:5-44:19
MERGED from [:google_ar_required:] AndroidManifest.xml:7:5-9:19
MERGED from [:mapbox-android-telemetry-2-1-0:] AndroidManifest.xml:12:5-14:19
MERGED from [:support-compat-25.1.0:] AndroidManifest.xml:25:5-20
MERGED from [:support-core-ui-25.1.0:] AndroidManifest.xml:25:5-20
MERGED from [:support-core-utils-25.1.0:] AndroidManifest.xml:25:5-20
MERGED from [:support-media-compat-25.1.0:] AndroidManifest.xml:25:5-20
MERGED from [:support-v4-25.1.0:] AndroidManifest.xml:25:5-20
MERGED from [:support-vector-drawable-25.1.0:] AndroidManifest.xml:23:5-20
MERGED from [com.android.support:design:25.1.1] AndroidManifest.xml:25:5-20
MERGED from [com.android.support:transition:25.1.1] AndroidManifest.xml:22:5-20
MERGED from [com.android.support.constraint:constraint-layout:1.0.2] AndroidManifest.xml:9:5-20
MERGED from [com.dji:dji-uxsdk:4.5.1] AndroidManifest.xml:11:5-12:19
MERGED from [com.dji:dji-sdk:4.5.1] AndroidManifest.xml:60:5-73:19
MERGED from [com.android.support:appcompat-v7:25.3.1] AndroidManifest.xml:29:5-20
MERGED from [com.android.support:animated-vector-drawable:25.3.1] AndroidManifest.xml:26:5-20
MERGED from [com.android.support:support-vector-drawable:25.3.1] AndroidManifest.xml:26:5-20
MERGED from [com.google.android.gms:play-services-location:9.4.0] AndroidManifest.xml:19:5-20
MERGED from [com.google.android.gms:play-services-places:9.4.0] AndroidManifest.xml:19:5-20
MERGED from [com.google.android.gms:play-services-maps:9.4.0] AndroidManifest.xml:27:5-20
MERGED from [com.google.android.gms:play-services-base:9.4.0] AndroidManifest.xml:19:5-23:19
MERGED from [com.google.android.gms:play-services-tasks:9.4.0] AndroidManifest.xml:5:5-20
MERGED from [com.google.android.gms:play-services-basement:9.4.0] AndroidManifest.xml:20:5-24:19
MERGED from [com.android.support:support-v4:25.3.1] AndroidManifest.xml:29:5-20
MERGED from [com.android.support:support-fragment:25.3.1] AndroidManifest.xml:29:5-20
MERGED from [com.android.support:support-media-compat:25.3.1] AndroidManifest.xml:29:5-20
MERGED from [com.android.support:support-core-ui:25.3.1] AndroidManifest.xml:29:5-20
MERGED from [com.android.support:support-core-utils:25.3.1] AndroidManifest.xml:29:5-20
MERGED from [com.android.support:support-compat:25.3.1] AndroidManifest.xml:29:5-20
	android:label
		ADDED from src\main\AndroidManifest.xml:24:131-163
	android:supportsRtl
		ADDED from src\main\AndroidManifest.xml:24:210-236
	android:roundIcon
		ADDED from src\main\AndroidManifest.xml:24:164-209
	android:allowBackup
		ADDED from src\main\AndroidManifest.xml:24:69-95
	android:icon
		ADDED from src\main\AndroidManifest.xml:24:96-130
	android:banner
		ADDED from src\main\AndroidManifest.xml:24:320-357
	android:theme
		ADDED from src\main\AndroidManifest.xml:24:237-268
	android:isGame
		ADDED from src\main\AndroidManifest.xml:24:298-319
	tools:replace
		ADDED from src\main\AndroidManifest.xml:24:269-297
	android:name
		ADDED from src\main\AndroidManifest.xml:24:16-68
uses-library#com.android.future.usb.accessory
ADDED from src\main\AndroidManifest.xml:26:5-69
	android:name
		ADDED from src\main\AndroidManifest.xml:26:19-66
meta-data#com.dji.sdk.API_KEY
ADDED from src\main\AndroidManifest.xml:27:5-94
	android:value
		ADDED from src\main\AndroidManifest.xml:27:51-91
	android:name
		ADDED from src\main\AndroidManifest.xml:27:16-50
activity#com.Company.WorldScaleAR.ConnectionActivity
ADDED from src\main\AndroidManifest.xml:29:5-39:16
	android:screenOrientation
		ADDED from src\main\AndroidManifest.xml:29:141-177
	android:launchMode
		ADDED from src\main\AndroidManifest.xml:29:110-140
	android:configChanges
		ADDED from src\main\AndroidManifest.xml:29:74-109
	android:name
		ADDED from src\main\AndroidManifest.xml:29:15-73
intent-filter#android.intent.action.MAIN+android.intent.category.LAUNCHER+android.intent.category.LEANBACK_LAUNCHER
ADDED from src\main\AndroidManifest.xml:30:7-34:23
action#android.intent.action.MAIN
ADDED from src\main\AndroidManifest.xml:31:9-61
	android:name
		ADDED from src\main\AndroidManifest.xml:31:17-58
category#android.intent.category.LAUNCHER
ADDED from src\main\AndroidManifest.xml:32:9-69
	android:name
		ADDED from src\main\AndroidManifest.xml:32:19-66
category#android.intent.category.LEANBACK_LAUNCHER
ADDED from src\main\AndroidManifest.xml:33:9-78
	android:name
		ADDED from src\main\AndroidManifest.xml:33:19-75
intent-filter#android.hardware.usb.action.USB_ACCESSORY_ATTACHED
ADDED from src\main\AndroidManifest.xml:35:7-37:23
action#android.hardware.usb.action.USB_ACCESSORY_ATTACHED
ADDED from src\main\AndroidManifest.xml:36:9-85
	android:name
		ADDED from src\main\AndroidManifest.xml:36:17-82
meta-data#android.hardware.usb.action.USB_ACCESSORY_ATTACHED
ADDED from src\main\AndroidManifest.xml:38:7-127
	android:resource
		ADDED from src\main\AndroidManifest.xml:38:84-124
	android:name
		ADDED from src\main\AndroidManifest.xml:38:18-83
activity#com.Company.WorldScaleAR.DefaultLayoutActivity
ADDED from src\main\AndroidManifest.xml:40:5-41:16
	android:screenOrientation
		ADDED from src\main\AndroidManifest.xml:40:113-150
	android:configChanges
		ADDED from src\main\AndroidManifest.xml:40:77-112
	android:name
		ADDED from src\main\AndroidManifest.xml:40:15-76
activity#com.Company.WorldScaleAR.MainActivity
ADDED from src\main\AndroidManifest.xml:42:5-43:16
	android:screenOrientation
		ADDED from src\main\AndroidManifest.xml:42:68-105
	android:name
		ADDED from src\main\AndroidManifest.xml:42:15-67
activity#com.Company.WorldScaleAR.UnityPlayerActivity
ADDED from src\main\AndroidManifest.xml:44:5-48:16
	android:screenOrientation
		ADDED from src\main\AndroidManifest.xml:44:48-86
	android:label
		ADDED from src\main\AndroidManifest.xml:44:15-47
	android:launchMode
		ADDED from src\main\AndroidManifest.xml:44:87-118
	android:configChanges
		ADDED from src\main\AndroidManifest.xml:45:9-190
	android:name
		ADDED from src\main\AndroidManifest.xml:46:9-68
meta-data#unityplayer.UnityActivity
ADDED from src\main\AndroidManifest.xml:47:7-82
	android:value
		ADDED from src\main\AndroidManifest.xml:47:59-79
	android:name
		ADDED from src\main\AndroidManifest.xml:47:18-58
meta-data#unity.tango-enable
ADDED from src\main\AndroidManifest.xml:49:5-73
	android:value
		ADDED from src\main\AndroidManifest.xml:49:50-70
	android:name
		ADDED from src\main\AndroidManifest.xml:49:16-49
meta-data#unityplayer.SkipPermissionsDialog
ADDED from src\main\AndroidManifest.xml:50:5-88
	android:value
		ADDED from src\main\AndroidManifest.xml:50:65-85
	android:name
		ADDED from src\main\AndroidManifest.xml:50:16-64
meta-data#unity.build-id
ADDED from src\main\AndroidManifest.xml:51:5-101
	android:value
		ADDED from src\main\AndroidManifest.xml:51:46-98
	android:name
		ADDED from src\main\AndroidManifest.xml:51:16-45
meta-data#unity.splash-mode
ADDED from src\main\AndroidManifest.xml:52:5-69
	android:value
		ADDED from src\main\AndroidManifest.xml:52:49-66
	android:name
		ADDED from src\main\AndroidManifest.xml:52:16-48
meta-data#unity.splash-enable
ADDED from src\main\AndroidManifest.xml:53:5-74
	android:value
		ADDED from src\main\AndroidManifest.xml:53:51-71
	android:name
		ADDED from src\main\AndroidManifest.xml:53:16-50
uses-feature#0x00020000
ADDED from src\main\AndroidManifest.xml:55:3-52
MERGED from [com.google.android.gms:play-services-maps:9.4.0] AndroidManifest.xml:22:5-24:33
	android:glEsVersion
		ADDED from src\main\AndroidManifest.xml:55:17-49
	android:required
		ADDED from [com.google.android.gms:play-services-maps:9.4.0] AndroidManifest.xml:24:8-31
uses-permission#android.permission.CAMERA
ADDED from src\main\AndroidManifest.xml:56:3-63
MERGED from [com.dji:dji-sdk:4.5.1] AndroidManifest.xml:25:5-65
	android:name
		ADDED from src\main\AndroidManifest.xml:56:20-60
uses-feature#android.hardware.location.gps
ADDED from src\main\AndroidManifest.xml:57:3-89
MERGED from [:com.mapbox.android.unity-debug:] AndroidManifest.xml:14:5-16:35
	android:required
		ADDED from src\main\AndroidManifest.xml:57:62-86
	android:name
		ADDED from src\main\AndroidManifest.xml:57:17-61
uses-feature#android.hardware.location
ADDED from src\main\AndroidManifest.xml:58:3-85
	android:required
		ADDED from src\main\AndroidManifest.xml:58:58-82
	android:name
		ADDED from src\main\AndroidManifest.xml:58:17-57
uses-feature#android.hardware.touchscreen
ADDED from src\main\AndroidManifest.xml:59:3-88
	android:required
		ADDED from src\main\AndroidManifest.xml:59:61-85
	android:name
		ADDED from src\main\AndroidManifest.xml:59:17-60
uses-feature#android.hardware.touchscreen.multitouch
ADDED from src\main\AndroidManifest.xml:60:3-99
	android:required
		ADDED from src\main\AndroidManifest.xml:60:72-96
	android:name
		ADDED from src\main\AndroidManifest.xml:60:17-71
uses-feature#android.hardware.touchscreen.multitouch.distinct
ADDED from src\main\AndroidManifest.xml:61:3-108
	android:required
		ADDED from src\main\AndroidManifest.xml:61:81-105
	android:name
		ADDED from src\main\AndroidManifest.xml:61:17-80
uses-sdk
INJECTED from src\main\AndroidManifest.xml reason: use-sdk injection requested
MERGED from [:animated-vector-drawable-25.1.0:] AndroidManifest.xml:20:5-44
MERGED from [:appcompat-v7-25.1.0:] AndroidManifest.xml:21:5-23:78
MERGED from [:arcore_client:] AndroidManifest.xml:26:5-28:41
MERGED from [:com.mapbox.android.unity-debug:] AndroidManifest.xml:7:5-9:41
MERGED from [:google_ar_required:] AndroidManifest.xml:6:5-43
MERGED from [:mapbox-android-telemetry-2-1-0:] AndroidManifest.xml:8:5-10:41
MERGED from [:support-compat-25.1.0:] AndroidManifest.xml:21:5-23:58
MERGED from [:support-core-ui-25.1.0:] AndroidManifest.xml:21:5-23:58
MERGED from [:support-core-utils-25.1.0:] AndroidManifest.xml:21:5-23:61
MERGED from [:support-media-compat-25.1.0:] AndroidManifest.xml:21:5-23:63
MERGED from [:support-v4-25.1.0:] AndroidManifest.xml:21:5-23:54
MERGED from [:support-vector-drawable-25.1.0:] AndroidManifest.xml:21:5-43
MERGED from [:unityandroidpermissions:] AndroidManifest.xml:11:5-13:41
MERGED from [:unitygar:] AndroidManifest.xml:7:5-9:41
MERGED from [com.android.support:design:25.1.1] AndroidManifest.xml:21:5-23:62
MERGED from [com.android.support:transition:25.1.1] AndroidManifest.xml:20:5-44
MERGED from [com.android.support.constraint:constraint-layout:1.0.2] AndroidManifest.xml:5:5-7:41
MERGED from [com.android.support:multidex:1.0.1] AndroidManifest.xml:18:5-42
MERGED from [com.dji:dji-uxsdk:4.5.1] AndroidManifest.xml:7:5-9:41
MERGED from [com.dji:dji-sdk:4.5.1] AndroidManifest.xml:7:5-9:41
MERGED from [com.android.support:recyclerview-v7:25.3.1] AndroidManifest.xml:20:5-43
MERGED from [com.android.support:appcompat-v7:25.3.1] AndroidManifest.xml:21:5-23:78
MERGED from [com.android.support:animated-vector-drawable:25.3.1] AndroidManifest.xml:20:5-44
MERGED from [com.android.support:support-vector-drawable:25.3.1] AndroidManifest.xml:20:5-43
MERGED from [com.google.android.gms:play-services-location:9.4.0] AndroidManifest.xml:18:5-42
MERGED from [com.google.android.gms:play-services-places:9.4.0] AndroidManifest.xml:18:5-42
MERGED from [com.google.android.gms:play-services-maps:9.4.0] AndroidManifest.xml:26:5-42
MERGED from [com.google.android.gms:play-services-base:9.4.0] AndroidManifest.xml:18:5-42
MERGED from [com.google.android.gms:play-services-tasks:9.4.0] AndroidManifest.xml:4:5-43
MERGED from [com.google.android.gms:play-services-basement:9.4.0] AndroidManifest.xml:18:5-42
MERGED from [com.android.support:support-v4:25.3.1] AndroidManifest.xml:21:5-23:54
MERGED from [com.android.support:support-fragment:25.3.1] AndroidManifest.xml:21:5-23:60
MERGED from [com.android.support:support-media-compat:25.3.1] AndroidManifest.xml:21:5-23:63
MERGED from [com.android.support:support-core-ui:25.3.1] AndroidManifest.xml:21:5-23:58
MERGED from [com.android.support:support-core-utils:25.3.1] AndroidManifest.xml:21:5-23:61
MERGED from [com.android.support:support-compat:25.3.1] AndroidManifest.xml:21:5-23:58
	tools:overrideLibrary
		ADDED from [:appcompat-v7-25.1.0:] AndroidManifest.xml:23:9-75
	android:targetSdkVersion
		INJECTED from src\main\AndroidManifest.xml
		INJECTED from src\main\AndroidManifest.xml
	android:minSdkVersion
		INJECTED from src\main\AndroidManifest.xml
		INJECTED from src\main\AndroidManifest.xml
activity#com.google.ar.core.InstallActivity
ADDED from [:arcore_client:] AndroidManifest.xml:33:9-39:80
	android:excludeFromRecents
		ADDED from [:arcore_client:] AndroidManifest.xml:36:13-46
	android:launchMode
		ADDED from [:arcore_client:] AndroidManifest.xml:38:13-43
	android:exported
		ADDED from [:arcore_client:] AndroidManifest.xml:37:13-37
	android:configChanges
		ADDED from [:arcore_client:] AndroidManifest.xml:35:13-74
	android:theme
		ADDED from [:arcore_client:] AndroidManifest.xml:39:13-77
	android:name
		ADDED from [:arcore_client:] AndroidManifest.xml:34:13-62
meta-data#com.google.ar.core.min_apk_version
ADDED from [:arcore_client:] AndroidManifest.xml:41:9-43:41
	android:value
		ADDED from [:arcore_client:] AndroidManifest.xml:43:13-38
	android:name
		ADDED from [:arcore_client:] AndroidManifest.xml:42:13-62
meta-data#com.google.ar.core
ADDED from [:google_ar_required:] AndroidManifest.xml:8:9-81
	android:value
		ADDED from [:google_ar_required:] AndroidManifest.xml:8:54-78
	android:name
		ADDED from [:google_ar_required:] AndroidManifest.xml:8:20-53
uses-feature#android.hardware.camera.ar
ADDED from [:google_ar_required:] AndroidManifest.xml:10:5-86
	android:required
		ADDED from [:google_ar_required:] AndroidManifest.xml:10:61-84
	android:name
		ADDED from [:google_ar_required:] AndroidManifest.xml:10:19-60
service#com.mapbox.services.android.telemetry.service.TelemetryService
ADDED from [:mapbox-android-telemetry-2-1-0:] AndroidManifest.xml:13:9-97
	android:name
		ADDED from [:mapbox-android-telemetry-2-1-0:] AndroidManifest.xml:13:18-95
uses-permission#com.google.android.providers.gsf.permission.READ_GSERVICES
ADDED from [com.dji:dji-sdk:4.5.1] AndroidManifest.xml:14:5-98
	android:name
		ADDED from [com.dji:dji-sdk:4.5.1] AndroidManifest.xml:14:22-95
uses-permission#android.permission.WRITE_USER_DICTIONARY
ADDED from [com.dji:dji-sdk:4.5.1] AndroidManifest.xml:16:5-80
	android:name
		ADDED from [com.dji:dji-sdk:4.5.1] AndroidManifest.xml:16:22-77
uses-permission#android.permission.CHANGE_CONFIGURATION
ADDED from [com.dji:dji-sdk:4.5.1] AndroidManifest.xml:19:5-79
	android:name
		ADDED from [com.dji:dji-sdk:4.5.1] AndroidManifest.xml:19:22-76
uses-permission#android.permission.CHANGE_NETWORK_STATE
ADDED from [com.dji:dji-sdk:4.5.1] AndroidManifest.xml:22:5-79
	android:name
		ADDED from [com.dji:dji-sdk:4.5.1] AndroidManifest.xml:22:22-76
uses-permission#android.permission.RECORD_AUDIO
ADDED from [com.dji:dji-sdk:4.5.1] AndroidManifest.xml:24:5-71
	android:name
		ADDED from [com.dji:dji-sdk:4.5.1] AndroidManifest.xml:24:22-68
uses-permission#android.permission.RECEIVE_BOOT_COMPLETED
ADDED from [com.dji:dji-sdk:4.5.1] AndroidManifest.xml:29:5-81
	android:name
		ADDED from [com.dji:dji-sdk:4.5.1] AndroidManifest.xml:29:22-78
uses-permission#android.permission.BROADCAST_STICKY
ADDED from [com.dji:dji-sdk:4.5.1] AndroidManifest.xml:30:5-75
	android:name
		ADDED from [com.dji:dji-sdk:4.5.1] AndroidManifest.xml:30:22-72
uses-permission#android.permission.WRITE_SETTINGS
ADDED from [com.dji:dji-sdk:4.5.1] AndroidManifest.xml:31:5-73
	android:name
		ADDED from [com.dji:dji-sdk:4.5.1] AndroidManifest.xml:31:22-70
uses-permission#android.permission.RECEIVE_USER_PRESENT
ADDED from [com.dji:dji-sdk:4.5.1] AndroidManifest.xml:32:5-79
	android:name
		ADDED from [com.dji:dji-sdk:4.5.1] AndroidManifest.xml:32:22-76
uses-permission#android.permission.KILL_BACKGROUND_PROCESSES
ADDED from [com.dji:dji-sdk:4.5.1] AndroidManifest.xml:33:5-84
	android:name
		ADDED from [com.dji:dji-sdk:4.5.1] AndroidManifest.xml:33:22-81
uses-permission#android.permission.READ_LOGS
ADDED from [com.dji:dji-sdk:4.5.1] AndroidManifest.xml:34:5-68
	android:name
		ADDED from [com.dji:dji-sdk:4.5.1] AndroidManifest.xml:34:22-65
uses-permission#android.permission.GET_TASKS
ADDED from [com.dji:dji-sdk:4.5.1] AndroidManifest.xml:38:5-68
	android:name
		ADDED from [com.dji:dji-sdk:4.5.1] AndroidManifest.xml:38:22-65
uses-permission#android.permission.MANAGE_ACCOUNTS
ADDED from [com.dji:dji-sdk:4.5.1] AndroidManifest.xml:41:5-74
	android:name
		ADDED from [com.dji:dji-sdk:4.5.1] AndroidManifest.xml:41:22-71
uses-permission#android.permission.GET_ACCOUNTS
ADDED from [com.dji:dji-sdk:4.5.1] AndroidManifest.xml:42:5-71
	android:name
		ADDED from [com.dji:dji-sdk:4.5.1] AndroidManifest.xml:42:22-68
uses-permission#android.permission.RAISED_THREAD_PRIORITY
ADDED from [com.dji:dji-sdk:4.5.1] AndroidManifest.xml:43:5-81
	android:name
		ADDED from [com.dji:dji-sdk:4.5.1] AndroidManifest.xml:43:22-78
uses-permission#android.permission.INTERACT_ACROSS_USERS_FULL
ADDED from [com.dji:dji-sdk:4.5.1] AndroidManifest.xml:44:5-85
	android:name
		ADDED from [com.dji:dji-sdk:4.5.1] AndroidManifest.xml:44:22-82
uses-permission#android.permission.USE_CREDENTIALS
ADDED from [com.dji:dji-sdk:4.5.1] AndroidManifest.xml:50:5-74
	android:name
		ADDED from [com.dji:dji-sdk:4.5.1] AndroidManifest.xml:50:22-71
service#dji.sdk.sdkmanager.DJIGlobalService
ADDED from [com.dji:dji-sdk:4.5.1] AndroidManifest.xml:61:9-63:43
	android:stopWithTask
		ADDED from [com.dji:dji-sdk:4.5.1] AndroidManifest.xml:63:13-40
	android:name
		ADDED from [com.dji:dji-sdk:4.5.1] AndroidManifest.xml:62:13-63
receiver#dji.logic.receiver.DJIPilotStartupReceiver
ADDED from [com.dji:dji-sdk:4.5.1] AndroidManifest.xml:65:9-72:20
	android:exported
		ADDED from [com.dji:dji-sdk:4.5.1] AndroidManifest.xml:67:13-36
	android:name
		ADDED from [com.dji:dji-sdk:4.5.1] AndroidManifest.xml:66:13-70
intent-filter#dji.go3.STARTUP+dji.go4.STARTUP
ADDED from [com.dji:dji-sdk:4.5.1] AndroidManifest.xml:68:13-71:29
action#dji.go3.STARTUP
ADDED from [com.dji:dji-sdk:4.5.1] AndroidManifest.xml:69:17-58
	android:name
		ADDED from [com.dji:dji-sdk:4.5.1] AndroidManifest.xml:69:25-55
action#dji.go4.STARTUP
ADDED from [com.dji:dji-sdk:4.5.1] AndroidManifest.xml:70:17-58
	android:name
		ADDED from [com.dji:dji-sdk:4.5.1] AndroidManifest.xml:70:25-55
meta-data#android.support.VERSION
ADDED from [com.android.support:recyclerview-v7:25.3.1] AndroidManifest.xml:22:5-24:34
MERGED from [com.android.support:appcompat-v7:25.3.1] AndroidManifest.xml:25:5-27:34
MERGED from [com.android.support:animated-vector-drawable:25.3.1] AndroidManifest.xml:22:5-24:34
MERGED from [com.android.support:support-vector-drawable:25.3.1] AndroidManifest.xml:22:5-24:34
MERGED from [com.android.support:support-v4:25.3.1] AndroidManifest.xml:25:5-27:34
MERGED from [com.android.support:support-fragment:25.3.1] AndroidManifest.xml:25:5-27:34
MERGED from [com.android.support:support-media-compat:25.3.1] AndroidManifest.xml:25:5-27:34
MERGED from [com.android.support:support-core-ui:25.3.1] AndroidManifest.xml:25:5-27:34
MERGED from [com.android.support:support-core-utils:25.3.1] AndroidManifest.xml:25:5-27:34
MERGED from [com.android.support:support-compat:25.3.1] AndroidManifest.xml:25:5-27:34
	android:value
		ADDED from [com.android.support:recyclerview-v7:25.3.1] AndroidManifest.xml:24:9-31
	android:name
		ADDED from [com.android.support:recyclerview-v7:25.3.1] AndroidManifest.xml:23:9-47
activity#com.google.android.gms.common.api.GoogleApiActivity
ADDED from [com.google.android.gms:play-services-base:9.4.0] AndroidManifest.xml:20:9-22:45
	android:exported
		ADDED from [com.google.android.gms:play-services-base:9.4.0] AndroidManifest.xml:22:19-43
	android:theme
		ADDED from [com.google.android.gms:play-services-base:9.4.0] AndroidManifest.xml:21:19-78
	android:name
		ADDED from [com.google.android.gms:play-services-base:9.4.0] AndroidManifest.xml:20:19-85
meta-data#com.google.android.gms.version
ADDED from [com.google.android.gms:play-services-basement:9.4.0] AndroidManifest.xml:21:9-23:69
	android:value
		ADDED from [com.google.android.gms:play-services-basement:9.4.0] AndroidManifest.xml:23:13-66
	android:name
		ADDED from [com.google.android.gms:play-services-basement:9.4.0] AndroidManifest.xml:22:13-58